[2022-08-31 17:00:44] local.ERROR: View [welcome] not found. {"exception":"[object] (InvalidArgumentException(code: 0): View [welcome] not found. at C:\\Users\\User\\Desktop\\Projetos\\API Rest com TDD\\vendor\\laravel\\framework\\src\\Illuminate\\View\\FileViewFinder.php:137)
[stacktrace]
#0 C:\\Users\\User\\Desktop\\Projetos\\API Rest com TDD\\vendor\\laravel\\framework\\src\\Illuminate\\View\\FileViewFinder.php(79): Illuminate\\View\\FileViewFinder->findInPaths('welcome', Array)
#1 C:\\Users\\User\\Desktop\\Projetos\\API Rest com TDD\\vendor\\laravel\\framework\\src\\Illuminate\\View\\Factory.php(137): Illuminate\\View\\FileViewFinder->find('welcome')
#2 C:\\Users\\User\\Desktop\\Projetos\\API Rest com TDD\\vendor\\laravel\\framework\\src\\Illuminate\\Foundation\\helpers.php(969): Illuminate\\View\\Factory->make('welcome', Array, Array)
#3 laravel-serializable-closure://function () {
    return \\view('welcome');
}(3): view('welcome')
#4 C:\\Users\\User\\Desktop\\Projetos\\API Rest com TDD\\vendor\\laravel\\framework\\src\\Illuminate\\Routing\\Route.php(237): Illuminate\\Routing\\RouteFileRegistrar::{closure}()
#5 C:\\Users\\User\\Desktop\\Projetos\\API Rest com TDD\\vendor\\laravel\\framework\\src\\Illuminate\\Routing\\Route.php(207): Illuminate\\Routing\\Route->runCallable()
#6 C:\\Users\\User\\Desktop\\Projetos\\API Rest com TDD\\vendor\\laravel\\framework\\src\\Illuminate\\Routing\\Router.php(725): Illuminate\\Routing\\Route->run()
#7 C:\\Users\\User\\Desktop\\Projetos\\API Rest com TDD\\vendor\\laravel\\framework\\src\\Illuminate\\Pipeline\\Pipeline.php(141): Illuminate\\Routing\\Router->Illuminate\\Routing\\{closure}(Object(Illuminate\\Http\\Request))
#8 C:\\Users\\User\\Desktop\\Projetos\\API Rest com TDD\\vendor\\laravel\\framework\\src\\Illuminate\\Routing\\Middleware\\SubstituteBindings.php(50): Illuminate\\Pipeline\\Pipeline->Illuminate\\Pipeline\\{closure}(Object(Illuminate\\Http\\Request))
#9 C:\\Users\\User\\Desktop\\Projetos\\API Rest com TDD\\vendor\\laravel\\framework\\src\\Illuminate\\Pipeline\\Pipeline.php(180): Illuminate\\Routing\\Middleware\\SubstituteBindings->handle(Object(Illuminate\\Http\\Request), Object(Closure))
#10 C:\\Users\\User\\Desktop\\Projetos\\API Rest com TDD\\vendor\\laravel\\framework\\src\\Illuminate\\Foundation\\Http\\Middleware\\VerifyCsrfToken.php(78): Illuminate\\Pipeline\\Pipeline->Illuminate\\Pipeline\\{closure}(Object(Illuminate\\Http\\Request))
#11 C:\\Users\\User\\Desktop\\Projetos\\API Rest com TDD\\vendor\\laravel\\framework\\src\\Illuminate\\Pipeline\\Pipeline.php(180): Illuminate\\Foundation\\Http\\Middleware\\VerifyCsrfToken->handle(Object(Illuminate\\Http\\Request), Object(Closure))
#12 C:\\Users\\User\\Desktop\\Projetos\\API Rest com TDD\\vendor\\laravel\\framework\\src\\Illuminate\\View\\Middleware\\ShareErrorsFromSession.php(49): Illuminate\\Pipeline\\Pipeline->Illuminate\\Pipeline\\{closure}(Object(Illuminate\\Http\\Request))
#13 C:\\Users\\User\\Desktop\\Projetos\\API Rest com TDD\\vendor\\laravel\\framework\\src\\Illuminate\\Pipeline\\Pipeline.php(180): Illuminate\\View\\Middleware\\ShareErrorsFromSession->handle(Object(Illuminate\\Http\\Request), Object(Closure))
#14 C:\\Users\\User\\Desktop\\Projetos\\API Rest com TDD\\vendor\\laravel\\framework\\src\\Illuminate\\Session\\Middleware\\StartSession.php(121): Illuminate\\Pipeline\\Pipeline->Illuminate\\Pipeline\\{closure}(Object(Illuminate\\Http\\Request))
#15 C:\\Users\\User\\Desktop\\Projetos\\API Rest com TDD\\vendor\\laravel\\framework\\src\\Illuminate\\Session\\Middleware\\StartSession.php(64): Illuminate\\Session\\Middleware\\StartSession->handleStatefulRequest(Object(Illuminate\\Http\\Request), Object(Illuminate\\Session\\Store), Object(Closure))
#16 C:\\Users\\User\\Desktop\\Projetos\\API Rest com TDD\\vendor\\laravel\\framework\\src\\Illuminate\\Pipeline\\Pipeline.php(180): Illuminate\\Session\\Middleware\\StartSession->handle(Object(Illuminate\\Http\\Request), Object(Closure))
#17 C:\\Users\\User\\Desktop\\Projetos\\API Rest com TDD\\vendor\\laravel\\framework\\src\\Illuminate\\Cookie\\Middleware\\AddQueuedCookiesToResponse.php(37): Illuminate\\Pipeline\\Pipeline->Illuminate\\Pipeline\\{closure}(Object(Illuminate\\Http\\Request))
#18 C:\\Users\\User\\Desktop\\Projetos\\API Rest com TDD\\vendor\\laravel\\framework\\src\\Illuminate\\Pipeline\\Pipeline.php(180): Illuminate\\Cookie\\Middleware\\AddQueuedCookiesToResponse->handle(Object(Illuminate\\Http\\Request), Object(Closure))
#19 C:\\Users\\User\\Desktop\\Projetos\\API Rest com TDD\\vendor\\laravel\\framework\\src\\Illuminate\\Cookie\\Middleware\\EncryptCookies.php(67): Illuminate\\Pipeline\\Pipeline->Illuminate\\Pipeline\\{closure}(Object(Illuminate\\Http\\Request))
#20 C:\\Users\\User\\Desktop\\Projetos\\API Rest com TDD\\vendor\\laravel\\framework\\src\\Illuminate\\Pipeline\\Pipeline.php(180): Illuminate\\Cookie\\Middleware\\EncryptCookies->handle(Object(Illuminate\\Http\\Request), Object(Closure))
#21 C:\\Users\\User\\Desktop\\Projetos\\API Rest com TDD\\vendor\\laravel\\framework\\src\\Illuminate\\Pipeline\\Pipeline.php(116): Illuminate\\Pipeline\\Pipeline->Illuminate\\Pipeline\\{closure}(Object(Illuminate\\Http\\Request))
#22 C:\\Users\\User\\Desktop\\Projetos\\API Rest com TDD\\vendor\\laravel\\framework\\src\\Illuminate\\Routing\\Router.php(726): Illuminate\\Pipeline\\Pipeline->then(Object(Closure))
#23 C:\\Users\\User\\Desktop\\Projetos\\API Rest com TDD\\vendor\\laravel\\framework\\src\\Illuminate\\Routing\\Router.php(703): Illuminate\\Routing\\Router->runRouteWithinStack(Object(Illuminate\\Routing\\Route), Object(Illuminate\\Http\\Request))
#24 C:\\Users\\User\\Desktop\\Projetos\\API Rest com TDD\\vendor\\laravel\\framework\\src\\Illuminate\\Routing\\Router.php(667): Illuminate\\Routing\\Router->runRoute(Object(Illuminate\\Http\\Request), Object(Illuminate\\Routing\\Route))
#25 C:\\Users\\User\\Desktop\\Projetos\\API Rest com TDD\\vendor\\laravel\\framework\\src\\Illuminate\\Routing\\Router.php(656): Illuminate\\Routing\\Router->dispatchToRoute(Object(Illuminate\\Http\\Request))
#26 C:\\Users\\User\\Desktop\\Projetos\\API Rest com TDD\\vendor\\laravel\\framework\\src\\Illuminate\\Foundation\\Http\\Kernel.php(167): Illuminate\\Routing\\Router->dispatch(Object(Illuminate\\Http\\Request))
#27 C:\\Users\\User\\Desktop\\Projetos\\API Rest com TDD\\vendor\\laravel\\framework\\src\\Illuminate\\Pipeline\\Pipeline.php(141): Illuminate\\Foundation\\Http\\Kernel->Illuminate\\Foundation\\Http\\{closure}(Object(Illuminate\\Http\\Request))
#28 C:\\Users\\User\\Desktop\\Projetos\\API Rest com TDD\\vendor\\laravel\\framework\\src\\Illuminate\\Foundation\\Http\\Middleware\\TransformsRequest.php(21): Illuminate\\Pipeline\\Pipeline->Illuminate\\Pipeline\\{closure}(Object(Illuminate\\Http\\Request))
#29 C:\\Users\\User\\Desktop\\Projetos\\API Rest com TDD\\vendor\\laravel\\framework\\src\\Illuminate\\Foundation\\Http\\Middleware\\ConvertEmptyStringsToNull.php(31): Illuminate\\Foundation\\Http\\Middleware\\TransformsRequest->handle(Object(Illuminate\\Http\\Request), Object(Closure))
#30 C:\\Users\\User\\Desktop\\Projetos\\API Rest com TDD\\vendor\\laravel\\framework\\src\\Illuminate\\Pipeline\\Pipeline.php(180): Illuminate\\Foundation\\Http\\Middleware\\ConvertEmptyStringsToNull->handle(Object(Illuminate\\Http\\Request), Object(Closure))
#31 C:\\Users\\User\\Desktop\\Projetos\\API Rest com TDD\\vendor\\laravel\\framework\\src\\Illuminate\\Foundation\\Http\\Middleware\\TransformsRequest.php(21): Illuminate\\Pipeline\\Pipeline->Illuminate\\Pipeline\\{closure}(Object(Illuminate\\Http\\Request))
#32 C:\\Users\\User\\Desktop\\Projetos\\API Rest com TDD\\vendor\\laravel\\framework\\src\\Illuminate\\Foundation\\Http\\Middleware\\TrimStrings.php(40): Illuminate\\Foundation\\Http\\Middleware\\TransformsRequest->handle(Object(Illuminate\\Http\\Request), Object(Closure))
#33 C:\\Users\\User\\Desktop\\Projetos\\API Rest com TDD\\vendor\\laravel\\framework\\src\\Illuminate\\Pipeline\\Pipeline.php(180): Illuminate\\Foundation\\Http\\Middleware\\TrimStrings->handle(Object(Illuminate\\Http\\Request), Object(Closure))
#34 C:\\Users\\User\\Desktop\\Projetos\\API Rest com TDD\\vendor\\laravel\\framework\\src\\Illuminate\\Foundation\\Http\\Middleware\\ValidatePostSize.php(27): Illuminate\\Pipeline\\Pipeline->Illuminate\\Pipeline\\{closure}(Object(Illuminate\\Http\\Request))
#35 C:\\Users\\User\\Desktop\\Projetos\\API Rest com TDD\\vendor\\laravel\\framework\\src\\Illuminate\\Pipeline\\Pipeline.php(180): Illuminate\\Foundation\\Http\\Middleware\\ValidatePostSize->handle(Object(Illuminate\\Http\\Request), Object(Closure))
#36 C:\\Users\\User\\Desktop\\Projetos\\API Rest com TDD\\vendor\\laravel\\framework\\src\\Illuminate\\Foundation\\Http\\Middleware\\PreventRequestsDuringMaintenance.php(86): Illuminate\\Pipeline\\Pipeline->Illuminate\\Pipeline\\{closure}(Object(Illuminate\\Http\\Request))
#37 C:\\Users\\User\\Desktop\\Projetos\\API Rest com TDD\\vendor\\laravel\\framework\\src\\Illuminate\\Pipeline\\Pipeline.php(180): Illuminate\\Foundation\\Http\\Middleware\\PreventRequestsDuringMaintenance->handle(Object(Illuminate\\Http\\Request), Object(Closure))
#38 C:\\Users\\User\\Desktop\\Projetos\\API Rest com TDD\\vendor\\laravel\\framework\\src\\Illuminate\\Http\\Middleware\\HandleCors.php(49): Illuminate\\Pipeline\\Pipeline->Illuminate\\Pipeline\\{closure}(Object(Illuminate\\Http\\Request))
#39 C:\\Users\\User\\Desktop\\Projetos\\API Rest com TDD\\vendor\\laravel\\framework\\src\\Illuminate\\Pipeline\\Pipeline.php(180): Illuminate\\Http\\Middleware\\HandleCors->handle(Object(Illuminate\\Http\\Request), Object(Closure))
#40 C:\\Users\\User\\Desktop\\Projetos\\API Rest com TDD\\vendor\\laravel\\framework\\src\\Illuminate\\Http\\Middleware\\TrustProxies.php(39): Illuminate\\Pipeline\\Pipeline->Illuminate\\Pipeline\\{closure}(Object(Illuminate\\Http\\Request))
#41 C:\\Users\\User\\Desktop\\Projetos\\API Rest com TDD\\vendor\\laravel\\framework\\src\\Illuminate\\Pipeline\\Pipeline.php(180): Illuminate\\Http\\Middleware\\TrustProxies->handle(Object(Illuminate\\Http\\Request), Object(Closure))
#42 C:\\Users\\User\\Desktop\\Projetos\\API Rest com TDD\\vendor\\laravel\\framework\\src\\Illuminate\\Pipeline\\Pipeline.php(116): Illuminate\\Pipeline\\Pipeline->Illuminate\\Pipeline\\{closure}(Object(Illuminate\\Http\\Request))
#43 C:\\Users\\User\\Desktop\\Projetos\\API Rest com TDD\\vendor\\laravel\\framework\\src\\Illuminate\\Foundation\\Http\\Kernel.php(142): Illuminate\\Pipeline\\Pipeline->then(Object(Closure))
#44 C:\\Users\\User\\Desktop\\Projetos\\API Rest com TDD\\vendor\\laravel\\framework\\src\\Illuminate\\Foundation\\Http\\Kernel.php(111): Illuminate\\Foundation\\Http\\Kernel->sendRequestThroughRouter(Object(Illuminate\\Http\\Request))
#45 C:\\Users\\User\\Desktop\\Projetos\\API Rest com TDD\\vendor\\laravel\\framework\\src\\Illuminate\\Foundation\\Testing\\Concerns\\MakesHttpRequests.php(538): Illuminate\\Foundation\\Http\\Kernel->handle(Object(Illuminate\\Http\\Request))
#46 C:\\Users\\User\\Desktop\\Projetos\\API Rest com TDD\\vendor\\laravel\\framework\\src\\Illuminate\\Foundation\\Testing\\Concerns\\MakesHttpRequests.php(305): Illuminate\\Foundation\\Testing\\TestCase->call('GET', '/', Array, Array, Array, Array)
#47 C:\\Users\\User\\Desktop\\Projetos\\API Rest com TDD\\tests\\Feature\\ExampleTest.php(17): Illuminate\\Foundation\\Testing\\TestCase->get('/')
#48 C:\\Users\\User\\Desktop\\Projetos\\API Rest com TDD\\vendor\\phpunit\\phpunit\\src\\Framework\\TestCase.php(1545): Tests\\Feature\\ExampleTest->test_the_application_returns_a_successful_response()
#49 C:\\Users\\User\\Desktop\\Projetos\\API Rest com TDD\\vendor\\phpunit\\phpunit\\src\\Framework\\TestCase.php(1151): PHPUnit\\Framework\\TestCase->runTest()
#50 C:\\Users\\User\\Desktop\\Projetos\\API Rest com TDD\\vendor\\phpunit\\phpunit\\src\\Framework\\TestResult.php(726): PHPUnit\\Framework\\TestCase->runBare()
#51 C:\\Users\\User\\Desktop\\Projetos\\API Rest com TDD\\vendor\\phpunit\\phpunit\\src\\Framework\\TestCase.php(903): PHPUnit\\Framework\\TestResult->run(Object(Tests\\Feature\\ExampleTest))
#52 C:\\Users\\User\\Desktop\\Projetos\\API Rest com TDD\\vendor\\phpunit\\phpunit\\src\\Framework\\TestSuite.php(672): PHPUnit\\Framework\\TestCase->run(Object(PHPUnit\\Framework\\TestResult))
#53 C:\\Users\\User\\Desktop\\Projetos\\API Rest com TDD\\vendor\\phpunit\\phpunit\\src\\Framework\\TestSuite.php(672): PHPUnit\\Framework\\TestSuite->run(Object(PHPUnit\\Framework\\TestResult))
#54 C:\\Users\\User\\Desktop\\Projetos\\API Rest com TDD\\vendor\\phpunit\\phpunit\\src\\Framework\\TestSuite.php(672): PHPUnit\\Framework\\TestSuite->run(Object(PHPUnit\\Framework\\TestResult))
#55 C:\\Users\\User\\Desktop\\Projetos\\API Rest com TDD\\vendor\\phpunit\\phpunit\\src\\TextUI\\TestRunner.php(673): PHPUnit\\Framework\\TestSuite->run(Object(PHPUnit\\Framework\\TestResult))
#56 C:\\Users\\User\\Desktop\\Projetos\\API Rest com TDD\\vendor\\phpunit\\phpunit\\src\\TextUI\\Command.php(143): PHPUnit\\TextUI\\TestRunner->run(Object(PHPUnit\\Framework\\TestSuite), Array, Array, true)
#57 C:\\Users\\User\\Desktop\\Projetos\\API Rest com TDD\\vendor\\phpunit\\phpunit\\src\\TextUI\\Command.php(96): PHPUnit\\TextUI\\Command->run(Array, true)
#58 C:\\Users\\User\\Desktop\\Projetos\\API Rest com TDD\\vendor\\phpunit\\phpunit\\phpunit(98): PHPUnit\\TextUI\\Command::main()
#59 {main}
"} 
[2022-08-31 17:00:45] local.ERROR: file_put_contents(C:\Users\User\Desktop\Projetos\API Rest com TDD\laravel\storage\framework/sessions/8I2U51L63urqr5aGEUVeUtefJiKUUuUu8cFHxdDT): Failed to open stream: No such file or directory {"exception":"[object] (ErrorException(code: 0): file_put_contents(C:\\Users\\User\\Desktop\\Projetos\\API Rest com TDD\\laravel\\storage\\framework/sessions/8I2U51L63urqr5aGEUVeUtefJiKUUuUu8cFHxdDT): Failed to open stream: No such file or directory at C:\\Users\\User\\Desktop\\Projetos\\API Rest com TDD\\vendor\\laravel\\framework\\src\\Illuminate\\Filesystem\\Filesystem.php:190)
[stacktrace]
#0 C:\\Users\\User\\Desktop\\Projetos\\API Rest com TDD\\vendor\\laravel\\framework\\src\\Illuminate\\Foundation\\Bootstrap\\HandleExceptions.php(259): Illuminate\\Foundation\\Bootstrap\\HandleExceptions->handleError(2, 'file_put_conten...', 'C:\\\\Users\\\\User\\\\D...', 190)
#1 [internal function]: Illuminate\\Foundation\\Bootstrap\\HandleExceptions->Illuminate\\Foundation\\Bootstrap\\{closure}(2, 'file_put_conten...', 'C:\\\\Users\\\\User\\\\D...', 190)
#2 C:\\Users\\User\\Desktop\\Projetos\\API Rest com TDD\\vendor\\laravel\\framework\\src\\Illuminate\\Filesystem\\Filesystem.php(190): file_put_contents('C:\\\\Users\\\\User\\\\D...', 'a:3:{s:6:\"_toke...', 2)
#3 C:\\Users\\User\\Desktop\\Projetos\\API Rest com TDD\\vendor\\laravel\\framework\\src\\Illuminate\\Session\\FileSessionHandler.php(90): Illuminate\\Filesystem\\Filesystem->put('C:\\\\Users\\\\User\\\\D...', 'a:3:{s:6:\"_toke...', true)
#4 C:\\Users\\User\\Desktop\\Projetos\\API Rest com TDD\\vendor\\laravel\\framework\\src\\Illuminate\\Session\\Store.php(170): Illuminate\\Session\\FileSessionHandler->write('8I2U51L63urqr5a...', 'a:3:{s:6:\"_toke...')
#5 C:\\Users\\User\\Desktop\\Projetos\\API Rest com TDD\\vendor\\laravel\\framework\\src\\Illuminate\\Session\\Middleware\\StartSession.php(236): Illuminate\\Session\\Store->save()
#6 C:\\Users\\User\\Desktop\\Projetos\\API Rest com TDD\\vendor\\laravel\\framework\\src\\Illuminate\\Session\\Middleware\\StartSession.php(130): Illuminate\\Session\\Middleware\\StartSession->saveSession(Object(Illuminate\\Http\\Request))
#7 C:\\Users\\User\\Desktop\\Projetos\\API Rest com TDD\\vendor\\laravel\\framework\\src\\Illuminate\\Session\\Middleware\\StartSession.php(64): Illuminate\\Session\\Middleware\\StartSession->handleStatefulRequest(Object(Illuminate\\Http\\Request), Object(Illuminate\\Session\\Store), Object(Closure))
#8 C:\\Users\\User\\Desktop\\Projetos\\API Rest com TDD\\vendor\\laravel\\framework\\src\\Illuminate\\Pipeline\\Pipeline.php(180): Illuminate\\Session\\Middleware\\StartSession->handle(Object(Illuminate\\Http\\Request), Object(Closure))
#9 C:\\Users\\User\\Desktop\\Projetos\\API Rest com TDD\\vendor\\laravel\\framework\\src\\Illuminate\\Cookie\\Middleware\\AddQueuedCookiesToResponse.php(37): Illuminate\\Pipeline\\Pipeline->Illuminate\\Pipeline\\{closure}(Object(Illuminate\\Http\\Request))
#10 C:\\Users\\User\\Desktop\\Projetos\\API Rest com TDD\\vendor\\laravel\\framework\\src\\Illuminate\\Pipeline\\Pipeline.php(180): Illuminate\\Cookie\\Middleware\\AddQueuedCookiesToResponse->handle(Object(Illuminate\\Http\\Request), Object(Closure))
#11 C:\\Users\\User\\Desktop\\Projetos\\API Rest com TDD\\vendor\\laravel\\framework\\src\\Illuminate\\Cookie\\Middleware\\EncryptCookies.php(67): Illuminate\\Pipeline\\Pipeline->Illuminate\\Pipeline\\{closure}(Object(Illuminate\\Http\\Request))
#12 C:\\Users\\User\\Desktop\\Projetos\\API Rest com TDD\\vendor\\laravel\\framework\\src\\Illuminate\\Pipeline\\Pipeline.php(180): Illuminate\\Cookie\\Middleware\\EncryptCookies->handle(Object(Illuminate\\Http\\Request), Object(Closure))
#13 C:\\Users\\User\\Desktop\\Projetos\\API Rest com TDD\\vendor\\laravel\\framework\\src\\Illuminate\\Pipeline\\Pipeline.php(116): Illuminate\\Pipeline\\Pipeline->Illuminate\\Pipeline\\{closure}(Object(Illuminate\\Http\\Request))
#14 C:\\Users\\User\\Desktop\\Projetos\\API Rest com TDD\\vendor\\laravel\\framework\\src\\Illuminate\\Routing\\Router.php(726): Illuminate\\Pipeline\\Pipeline->then(Object(Closure))
#15 C:\\Users\\User\\Desktop\\Projetos\\API Rest com TDD\\vendor\\laravel\\framework\\src\\Illuminate\\Routing\\Router.php(703): Illuminate\\Routing\\Router->runRouteWithinStack(Object(Illuminate\\Routing\\Route), Object(Illuminate\\Http\\Request))
#16 C:\\Users\\User\\Desktop\\Projetos\\API Rest com TDD\\vendor\\laravel\\framework\\src\\Illuminate\\Routing\\Router.php(667): Illuminate\\Routing\\Router->runRoute(Object(Illuminate\\Http\\Request), Object(Illuminate\\Routing\\Route))
#17 C:\\Users\\User\\Desktop\\Projetos\\API Rest com TDD\\vendor\\laravel\\framework\\src\\Illuminate\\Routing\\Router.php(656): Illuminate\\Routing\\Router->dispatchToRoute(Object(Illuminate\\Http\\Request))
#18 C:\\Users\\User\\Desktop\\Projetos\\API Rest com TDD\\vendor\\laravel\\framework\\src\\Illuminate\\Foundation\\Http\\Kernel.php(167): Illuminate\\Routing\\Router->dispatch(Object(Illuminate\\Http\\Request))
#19 C:\\Users\\User\\Desktop\\Projetos\\API Rest com TDD\\vendor\\laravel\\framework\\src\\Illuminate\\Pipeline\\Pipeline.php(141): Illuminate\\Foundation\\Http\\Kernel->Illuminate\\Foundation\\Http\\{closure}(Object(Illuminate\\Http\\Request))
#20 C:\\Users\\User\\Desktop\\Projetos\\API Rest com TDD\\vendor\\laravel\\framework\\src\\Illuminate\\Foundation\\Http\\Middleware\\TransformsRequest.php(21): Illuminate\\Pipeline\\Pipeline->Illuminate\\Pipeline\\{closure}(Object(Illuminate\\Http\\Request))
#21 C:\\Users\\User\\Desktop\\Projetos\\API Rest com TDD\\vendor\\laravel\\framework\\src\\Illuminate\\Foundation\\Http\\Middleware\\ConvertEmptyStringsToNull.php(31): Illuminate\\Foundation\\Http\\Middleware\\TransformsRequest->handle(Object(Illuminate\\Http\\Request), Object(Closure))
#22 C:\\Users\\User\\Desktop\\Projetos\\API Rest com TDD\\vendor\\laravel\\framework\\src\\Illuminate\\Pipeline\\Pipeline.php(180): Illuminate\\Foundation\\Http\\Middleware\\ConvertEmptyStringsToNull->handle(Object(Illuminate\\Http\\Request), Object(Closure))
#23 C:\\Users\\User\\Desktop\\Projetos\\API Rest com TDD\\vendor\\laravel\\framework\\src\\Illuminate\\Foundation\\Http\\Middleware\\TransformsRequest.php(21): Illuminate\\Pipeline\\Pipeline->Illuminate\\Pipeline\\{closure}(Object(Illuminate\\Http\\Request))
#24 C:\\Users\\User\\Desktop\\Projetos\\API Rest com TDD\\vendor\\laravel\\framework\\src\\Illuminate\\Foundation\\Http\\Middleware\\TrimStrings.php(40): Illuminate\\Foundation\\Http\\Middleware\\TransformsRequest->handle(Object(Illuminate\\Http\\Request), Object(Closure))
#25 C:\\Users\\User\\Desktop\\Projetos\\API Rest com TDD\\vendor\\laravel\\framework\\src\\Illuminate\\Pipeline\\Pipeline.php(180): Illuminate\\Foundation\\Http\\Middleware\\TrimStrings->handle(Object(Illuminate\\Http\\Request), Object(Closure))
#26 C:\\Users\\User\\Desktop\\Projetos\\API Rest com TDD\\vendor\\laravel\\framework\\src\\Illuminate\\Foundation\\Http\\Middleware\\ValidatePostSize.php(27): Illuminate\\Pipeline\\Pipeline->Illuminate\\Pipeline\\{closure}(Object(Illuminate\\Http\\Request))
#27 C:\\Users\\User\\Desktop\\Projetos\\API Rest com TDD\\vendor\\laravel\\framework\\src\\Illuminate\\Pipeline\\Pipeline.php(180): Illuminate\\Foundation\\Http\\Middleware\\ValidatePostSize->handle(Object(Illuminate\\Http\\Request), Object(Closure))
#28 C:\\Users\\User\\Desktop\\Projetos\\API Rest com TDD\\vendor\\laravel\\framework\\src\\Illuminate\\Foundation\\Http\\Middleware\\PreventRequestsDuringMaintenance.php(86): Illuminate\\Pipeline\\Pipeline->Illuminate\\Pipeline\\{closure}(Object(Illuminate\\Http\\Request))
#29 C:\\Users\\User\\Desktop\\Projetos\\API Rest com TDD\\vendor\\laravel\\framework\\src\\Illuminate\\Pipeline\\Pipeline.php(180): Illuminate\\Foundation\\Http\\Middleware\\PreventRequestsDuringMaintenance->handle(Object(Illuminate\\Http\\Request), Object(Closure))
#30 C:\\Users\\User\\Desktop\\Projetos\\API Rest com TDD\\vendor\\laravel\\framework\\src\\Illuminate\\Http\\Middleware\\HandleCors.php(49): Illuminate\\Pipeline\\Pipeline->Illuminate\\Pipeline\\{closure}(Object(Illuminate\\Http\\Request))
#31 C:\\Users\\User\\Desktop\\Projetos\\API Rest com TDD\\vendor\\laravel\\framework\\src\\Illuminate\\Pipeline\\Pipeline.php(180): Illuminate\\Http\\Middleware\\HandleCors->handle(Object(Illuminate\\Http\\Request), Object(Closure))
#32 C:\\Users\\User\\Desktop\\Projetos\\API Rest com TDD\\vendor\\laravel\\framework\\src\\Illuminate\\Http\\Middleware\\TrustProxies.php(39): Illuminate\\Pipeline\\Pipeline->Illuminate\\Pipeline\\{closure}(Object(Illuminate\\Http\\Request))
#33 C:\\Users\\User\\Desktop\\Projetos\\API Rest com TDD\\vendor\\laravel\\framework\\src\\Illuminate\\Pipeline\\Pipeline.php(180): Illuminate\\Http\\Middleware\\TrustProxies->handle(Object(Illuminate\\Http\\Request), Object(Closure))
#34 C:\\Users\\User\\Desktop\\Projetos\\API Rest com TDD\\vendor\\laravel\\framework\\src\\Illuminate\\Pipeline\\Pipeline.php(116): Illuminate\\Pipeline\\Pipeline->Illuminate\\Pipeline\\{closure}(Object(Illuminate\\Http\\Request))
#35 C:\\Users\\User\\Desktop\\Projetos\\API Rest com TDD\\vendor\\laravel\\framework\\src\\Illuminate\\Foundation\\Http\\Kernel.php(142): Illuminate\\Pipeline\\Pipeline->then(Object(Closure))
#36 C:\\Users\\User\\Desktop\\Projetos\\API Rest com TDD\\vendor\\laravel\\framework\\src\\Illuminate\\Foundation\\Http\\Kernel.php(111): Illuminate\\Foundation\\Http\\Kernel->sendRequestThroughRouter(Object(Illuminate\\Http\\Request))
#37 C:\\Users\\User\\Desktop\\Projetos\\API Rest com TDD\\vendor\\laravel\\framework\\src\\Illuminate\\Foundation\\Testing\\Concerns\\MakesHttpRequests.php(538): Illuminate\\Foundation\\Http\\Kernel->handle(Object(Illuminate\\Http\\Request))
#38 C:\\Users\\User\\Desktop\\Projetos\\API Rest com TDD\\vendor\\laravel\\framework\\src\\Illuminate\\Foundation\\Testing\\Concerns\\MakesHttpRequests.php(305): Illuminate\\Foundation\\Testing\\TestCase->call('GET', '/', Array, Array, Array, Array)
#39 C:\\Users\\User\\Desktop\\Projetos\\API Rest com TDD\\tests\\Feature\\ExampleTest.php(17): Illuminate\\Foundation\\Testing\\TestCase->get('/')
#40 C:\\Users\\User\\Desktop\\Projetos\\API Rest com TDD\\vendor\\phpunit\\phpunit\\src\\Framework\\TestCase.php(1545): Tests\\Feature\\ExampleTest->test_the_application_returns_a_successful_response()
#41 C:\\Users\\User\\Desktop\\Projetos\\API Rest com TDD\\vendor\\phpunit\\phpunit\\src\\Framework\\TestCase.php(1151): PHPUnit\\Framework\\TestCase->runTest()
#42 C:\\Users\\User\\Desktop\\Projetos\\API Rest com TDD\\vendor\\phpunit\\phpunit\\src\\Framework\\TestResult.php(726): PHPUnit\\Framework\\TestCase->runBare()
#43 C:\\Users\\User\\Desktop\\Projetos\\API Rest com TDD\\vendor\\phpunit\\phpunit\\src\\Framework\\TestCase.php(903): PHPUnit\\Framework\\TestResult->run(Object(Tests\\Feature\\ExampleTest))
#44 C:\\Users\\User\\Desktop\\Projetos\\API Rest com TDD\\vendor\\phpunit\\phpunit\\src\\Framework\\TestSuite.php(672): PHPUnit\\Framework\\TestCase->run(Object(PHPUnit\\Framework\\TestResult))
#45 C:\\Users\\User\\Desktop\\Projetos\\API Rest com TDD\\vendor\\phpunit\\phpunit\\src\\Framework\\TestSuite.php(672): PHPUnit\\Framework\\TestSuite->run(Object(PHPUnit\\Framework\\TestResult))
#46 C:\\Users\\User\\Desktop\\Projetos\\API Rest com TDD\\vendor\\phpunit\\phpunit\\src\\Framework\\TestSuite.php(672): PHPUnit\\Framework\\TestSuite->run(Object(PHPUnit\\Framework\\TestResult))
#47 C:\\Users\\User\\Desktop\\Projetos\\API Rest com TDD\\vendor\\phpunit\\phpunit\\src\\TextUI\\TestRunner.php(673): PHPUnit\\Framework\\TestSuite->run(Object(PHPUnit\\Framework\\TestResult))
#48 C:\\Users\\User\\Desktop\\Projetos\\API Rest com TDD\\vendor\\phpunit\\phpunit\\src\\TextUI\\Command.php(143): PHPUnit\\TextUI\\TestRunner->run(Object(PHPUnit\\Framework\\TestSuite), Array, Array, true)
#49 C:\\Users\\User\\Desktop\\Projetos\\API Rest com TDD\\vendor\\phpunit\\phpunit\\src\\TextUI\\Command.php(96): PHPUnit\\TextUI\\Command->run(Array, true)
#50 C:\\Users\\User\\Desktop\\Projetos\\API Rest com TDD\\vendor\\phpunit\\phpunit\\phpunit(98): PHPUnit\\TextUI\\Command::main()
#51 {main}
"} 
